<?xml version="1.0" encoding="UTF-8"?>
<!-- Generated by org.testng.reporters.JUnitXMLReporter -->
<testsuite ignored="0" hostname="reserv-c97" failures="0" tests="3" name="Command line test" time="39.338" errors="0" timestamp="2021-06-10T18:00:23 ART">
  <testcase classname="test.SearchTest" name="testSearchWithResult" time="4.62"/>
  <testcase classname="test.SearchTest" name="testSearchWithoutResult" time="7.005"/>
  <testcase classname="test.OrderTest" name="seachByHigherPriceTest" time="10.31"/>
</testsuite> <!-- Command line test -->
