<?xml version="1.0" encoding="UTF-8"?>
<!-- Generated by org.testng.reporters.JUnitXMLReporter -->
<testsuite ignored="3" hostname="reserv-c97" failures="0" tests="2" name="Command line test" time="22.437" errors="0" timestamp="2021-06-15T18:05:07 ART">
  <testcase classname="test.SearchTest" name="testSearchWithoutResult" time="2.829"/>
  <testcase classname="test.OrderTest" name="seachByHigherPriceTest" time="4.669"/>
  <testcase classname="test.SearchTest" name="testSearchWithResult" time="0.0">
    <ignored/>
  </testcase> <!-- testSearchWithResult -->
  <testcase classname="pageObjects.Base" name="@AfterTest afterTest" time="0.0">
    <ignored/>
  </testcase> <!-- @AfterTest afterTest -->
  <testcase classname="pageObjects.Base" name="@BeforeTest beforeTest" time="0.0">
    <ignored/>
  </testcase> <!-- @BeforeTest beforeTest -->
</testsuite> <!-- Command line test -->
