<?xml version="1.0" encoding="UTF-8"?>
<testng-results ignored="5" total="6" passed="1" failed="0" skipped="0">
  <reporter-output>
  </reporter-output>
  <suite started-at="2021-06-16T17:08:09 ART" name="Command line suite" finished-at="2021-06-16T17:08:23 ART" duration-ms="13893">
    <groups>
    </groups>
    <test started-at="2021-06-16T17:08:09 ART" name="Command line test" finished-at="2021-06-16T17:08:23 ART" duration-ms="13893">
      <class name="test.LoginTest">
        <test-method is-config="true" signature="beforeTest()[pri:0, instance:test.LoginTest@4923ab24]" started-at="2021-06-16T17:08:09 ART" name="beforeTest" finished-at="2021-06-16T17:08:09 ART" duration-ms="1" status="PASS">
          <reporter-output>
          </reporter-output>
        </test-method> <!-- beforeTest -->
        <test-method is-config="true" signature="beforeMethod()[pri:0, instance:test.LoginTest@4923ab24]" started-at="2021-06-16T17:08:09 ART" name="beforeMethod" finished-at="2021-06-16T17:08:20 ART" duration-ms="10674" status="PASS">
          <reporter-output>
          </reporter-output>
        </test-method> <!-- beforeMethod -->
        <test-method signature="trueLogin()[pri:0, instance:test.LoginTest@4923ab24]" started-at="2021-06-16T17:08:20 ART" name="trueLogin" description="Login ok" finished-at="2021-06-16T17:08:23 ART" duration-ms="2821" status="PASS">
          <reporter-output>
          </reporter-output>
        </test-method> <!-- trueLogin -->
        <test-method is-config="true" signature="afterMethod()[pri:0, instance:test.LoginTest@4923ab24]" started-at="2021-06-16T17:08:23 ART" name="afterMethod" finished-at="2021-06-16T17:08:23 ART" duration-ms="217" status="PASS">
          <reporter-output>
          </reporter-output>
        </test-method> <!-- afterMethod -->
        <test-method is-config="true" signature="afterTest()[pri:0, instance:test.LoginTest@4923ab24]" started-at="2021-06-16T17:08:23 ART" name="afterTest" finished-at="2021-06-16T17:08:23 ART" duration-ms="1" status="PASS">
          <reporter-output>
          </reporter-output>
        </test-method> <!-- afterTest -->
      </class> <!-- test.LoginTest -->
      <class name="test.SearchTest">
        <test-method is-config="true" signature="beforeTest()[pri:0, instance:test.SearchTest@cb51256]" started-at="2021-06-16T17:08:09 ART" name="beforeTest" finished-at="2021-06-16T17:08:09 ART" duration-ms="25" status="PASS">
          <reporter-output>
          </reporter-output>
        </test-method> <!-- beforeTest -->
        <test-method is-config="true" signature="afterTest()[pri:0, instance:test.SearchTest@cb51256]" started-at="2021-06-16T17:08:23 ART" name="afterTest" finished-at="2021-06-16T17:08:23 ART" duration-ms="1" status="PASS">
          <reporter-output>
          </reporter-output>
        </test-method> <!-- afterTest -->
      </class> <!-- test.SearchTest -->
    </test> <!-- Command line test -->
  </suite> <!-- Command line suite -->
</testng-results>
