<?xml version="1.0" encoding="UTF-8"?>
<testng-results ignored="3" total="5" passed="2" failed="0" skipped="0">
  <reporter-output>
  </reporter-output>
  <suite started-at="2021-06-15T18:04:45 ART" name="Command line suite" finished-at="2021-06-15T18:05:07 ART" duration-ms="22437">
    <groups>
    </groups>
    <test started-at="2021-06-15T18:04:45 ART" name="Command line test" finished-at="2021-06-15T18:05:07 ART" duration-ms="22437">
      <class name="test.OrderTest">
        <test-method is-config="true" signature="beforeMethod()[pri:0, instance:test.OrderTest@27f723]" started-at="2021-06-15T18:04:56 ART" name="beforeMethod" finished-at="2021-06-15T18:05:02 ART" duration-ms="6560" status="PASS">
          <reporter-output>
          </reporter-output>
        </test-method> <!-- beforeMethod -->
        <test-method signature="seachByHigherPriceTest()[pri:0, instance:test.OrderTest@27f723]" started-at="2021-06-15T18:05:02 ART" name="seachByHigherPriceTest" description="This is an order by higger first" finished-at="2021-06-15T18:05:07 ART" duration-ms="4669" status="PASS">
          <reporter-output>
          </reporter-output>
        </test-method> <!-- seachByHigherPriceTest -->
        <test-method is-config="true" signature="afterMethod()[pri:0, instance:test.OrderTest@27f723]" started-at="2021-06-15T18:05:07 ART" name="afterMethod" finished-at="2021-06-15T18:05:07 ART" duration-ms="160" status="PASS">
          <reporter-output>
          </reporter-output>
        </test-method> <!-- afterMethod -->
      </class> <!-- test.OrderTest -->
      <class name="test.SearchTest">
        <test-method is-config="true" signature="beforeTest()[pri:0, instance:test.SearchTest@42d8062c]" started-at="2021-06-15T18:04:45 ART" name="beforeTest" finished-at="2021-06-15T18:04:45 ART" duration-ms="10" status="PASS">
          <reporter-output>
          </reporter-output>
        </test-method> <!-- beforeTest -->
        <test-method is-config="true" signature="beforeMethod()[pri:0, instance:test.SearchTest@42d8062c]" started-at="2021-06-15T18:04:45 ART" name="beforeMethod" finished-at="2021-06-15T18:04:53 ART" duration-ms="8042" status="PASS">
          <reporter-output>
          </reporter-output>
        </test-method> <!-- beforeMethod -->
        <test-method signature="testSearchWithoutResult()[pri:0, instance:test.SearchTest@42d8062c]" started-at="2021-06-15T18:04:53 ART" name="testSearchWithoutResult" description="This is a search with not results" finished-at="2021-06-15T18:04:56 ART" duration-ms="2829" status="PASS">
          <reporter-output>
          </reporter-output>
        </test-method> <!-- testSearchWithoutResult -->
        <test-method is-config="true" signature="afterMethod()[pri:0, instance:test.SearchTest@42d8062c]" started-at="2021-06-15T18:04:56 ART" name="afterMethod" finished-at="2021-06-15T18:04:56 ART" duration-ms="112" status="PASS">
          <reporter-output>
          </reporter-output>
        </test-method> <!-- afterMethod -->
        <test-method is-config="true" signature="afterTest()[pri:0, instance:test.SearchTest@42d8062c]" started-at="2021-06-15T18:05:07 ART" name="afterTest" finished-at="2021-06-15T18:05:07 ART" duration-ms="0" status="PASS">
          <reporter-output>
          </reporter-output>
        </test-method> <!-- afterTest -->
      </class> <!-- test.SearchTest -->
    </test> <!-- Command line test -->
  </suite> <!-- Command line suite -->
</testng-results>
